app/build/intermediates/manifest_merge_blame_file/debug/manifest-merger-blame-debug-report.txt
1<?xml version="1.0" encoding="utf-8"?>
2<manifest xmlns:android="http://schemas.android.com/apk/res/android"
3    package="com.example.asrclient"
4    android:versionCode="1"
5    android:versionName="1.0" >
6
7    <uses-sdk
8        android:minSdkVersion="21"
8-->src\main\AndroidManifest.xml
9        android:targetSdkVersion="28" />
9-->src\main\AndroidManifest.xml
10
11    <uses-permission android:name="android.permission.RECORD_AUDIO" />
11-->src\main\AndroidManifest.xml:5:5-71
11-->src\main\AndroidManifest.xml:5:22-68
12    <uses-permission android:name="android.permission.ACCESS_NETWORK_STATE" />
12-->src\main\AndroidManifest.xml:6:5-79
12-->src\main\AndroidManifest.xml:6:22-76
13    <uses-permission android:name="android.permission.WRITE_EXTERNAL_STORAGE" />
13-->src\main\AndroidManifest.xml:7:5-81
13-->src\main\AndroidManifest.xml:7:22-78
14    <uses-permission android:name="android.permission.READ_EXTERNAL_STORAGE" />
14-->src\main\AndroidManifest.xml:8:5-80
14-->src\main\AndroidManifest.xml:8:22-77
15    <uses-permission android:name="android.permission.INTERNET" />
15-->src\main\AndroidManifest.xml:9:5-67
15-->src\main\AndroidManifest.xml:9:22-64
16
17    <application
17-->src\main\AndroidManifest.xml:11:5-33:19
18        android:name="com.example.asrclient.MyApplication"
18-->src\main\AndroidManifest.xml:12:9-38
19        android:allowBackup="true"
19-->src\main\AndroidManifest.xml:13:9-35
20        android:appComponentFactory="android.support.v4.app.CoreComponentFactory"
20-->[com.android.support:support-compat:28.0.0] AndroidManifest.xml:22:18-91
21        android:debuggable="true"
22        android:icon="@mipmap/ic_launcher"
22-->src\main\AndroidManifest.xml:14:9-43
23        android:label="@string/app_name"
23-->src\main\AndroidManifest.xml:15:9-41
24        android:networkSecurityConfig="@xml/network_security_config"
24-->src\main\AndroidManifest.xml:19:9-69
25        android:roundIcon="@mipmap/ic_launcher_round"
25-->src\main\AndroidManifest.xml:16:9-54
26        android:supportsRtl="true"
26-->src\main\AndroidManifest.xml:17:9-35
27        android:testOnly="true"
28        android:theme="@style/AppTheme" >
28-->src\main\AndroidManifest.xml:18:9-40
29        <activity android:name="com.example.asrclient.TotalScoreClient" />
29-->src\main\AndroidManifest.xml:21:9-54
29-->src\main\AndroidManifest.xml:21:19-51
30        <activity android:name="com.example.asrclient.ScoreClient" />
30-->src\main\AndroidManifest.xml:22:9-49
30-->src\main\AndroidManifest.xml:22:19-46
31        <activity android:name="com.example.asrclient.TestClient" />
31-->src\main\AndroidManifest.xml:23:9-48
31-->src\main\AndroidManifest.xml:23:19-45
32        <activity android:name="com.example.asrclient.MainActivity" />
32-->src\main\AndroidManifest.xml:24:9-50
32-->src\main\AndroidManifest.xml:24:19-47
33        <activity android:name="com.example.asrclient.ConnectClient" />
33-->src\main\AndroidManifest.xml:25:9-51
33-->src\main\AndroidManifest.xml:25:19-48
34        <activity android:name="com.example.asrclient.LoginClient" >
34-->src\main\AndroidManifest.xml:26:9-32:20
34-->src\main\AndroidManifest.xml:26:19-46
35            <intent-filter>
35-->src\main\AndroidManifest.xml:27:13-31:29
36                <action android:name="android.intent.action.MAIN" />
36-->src\main\AndroidManifest.xml:28:17-69
36-->src\main\AndroidManifest.xml:28:25-66
37
38                <category android:name="android.intent.category.LAUNCHER" />
38-->src\main\AndroidManifest.xml:30:17-77
38-->src\main\AndroidManifest.xml:30:27-74
39            </intent-filter>
40        </activity>
41    </application>
42
43</manifest>